<?xml version="1.0" encoding="UTF-8"?>
<!-- Generated by org.testng.reporters.JUnitReportReporter -->
<testsuite skipped="0" hostname="DESKTOP-7O4STH9" name="com.TestLayer.PIMPage" tests="7" failures="0" timestamp="28 Apr 2022 07:23:35 GMT" time="138.061" errors="0">
  <testcase name="loginPagevalidation" time="1.356" classname="com.TestLayer.PIMPage"/>
  <testcase name="login" time="19.164" classname="com.TestLayer.PIMPage"/>
  <testcase name="validateHomepage" time="1.971" classname="com.TestLayer.PIMPage"/>
  <testcase name="adduser" time="45.977" classname="com.TestLayer.PIMPage"/>
  <testcase name="personalDeatils" time="18.918" classname="com.TestLayer.PIMPage"/>
  <testcase name="searchUser" time="33.701" classname="com.TestLayer.PIMPage"/>
  <testcase name="deleteUser" time="16.974" classname="com.TestLayer.PIMPage"/>
</testsuite> <!-- com.TestLayer.PIMPage -->
